<?xml version="1.0" encoding="UTF-8"?>
<!-- Generated by org.testng.reporters.JUnitXMLReporter -->
<testsuite ignored="0" hostname="LAPTOP-FQQEV6LJ" failures="2" tests="13" name="Submit Order Test" time="127.974" errors="0" timestamp="2025-01-30T10:26:06 GMT">
  <testcase classname="ecommerce.tests.UserRegistrationTests" name="validateEmailFormat" time="2.391"/>
  <testcase classname="ecommerce.tests.UserRegistrationTests" name="validateMandatoryFieldErrors" time="11.653">
    <failure type="java.lang.AssertionError" message="Last Name error message mismatch. expected [*Last Name is required] but found [Proxy element for: DefaultElementLocator &amp;apos;By.xpath: //input[@id=&amp;apos;lastName&amp;apos;]/following-sibling::div&amp;apos;]">
      <![CDATA[java.lang.AssertionError: Last Name error message mismatch. expected [*Last Name is required] but found [Proxy element for: DefaultElementLocator 'By.xpath: //input[@id='lastName']/following-sibling::div']
at ecommerce.tests.UserRegistrationTests.validateMandatoryFieldErrors(UserRegistrationTests.java:49)
at java.base/java.util.ArrayList.forEach(ArrayList.java:1596)
at java.base/java.util.concurrent.FutureTask.run(FutureTask.java:317)
at java.base/java.util.concurrent.ThreadPoolExecutor.runWorker(ThreadPoolExecutor.java:1144)
at java.base/java.util.concurrent.ThreadPoolExecutor$Worker.run(ThreadPoolExecutor.java:642)
at java.base/java.lang.Thread.run(Thread.java:1583)
... Removed 19 stack frames]]>
    </failure>
  </testcase> <!-- validateMandatoryFieldErrors -->
  <testcase classname="ecommerce.tests.UserRegistrationTests" name="validateMultipleInvalidEmails" time="2.228"/>
  <testcase classname="ecommerce.tests.UserRegistrationTests" name="validateMultipleInvalidEmails" time="2.28"/>
  <testcase classname="ecommerce.tests.UserRegistrationTests" name="validateMultipleInvalidEmails" time="2.227"/>
  <testcase classname="ecommerce.tests.UserRegistrationTests" name="validateMultipleInvalidEmails" time="2.283"/>
  <testcase classname="ecommerce.tests.UserRegistrationTests" name="validateMultipleInvalidEmails" time="2.247"/>
  <testcase classname="ecommerce.tests.UserRegistrationTests" name="verifyPasswordStrengthValidation" time="2.684"/>
  <testcase classname="ecommerce.tests.UserRegistrationTests" name="verifyRegistrationWithValidDetails" time="12.764">
    <failure type="org.openqa.selenium.NoSuchElementException" message="no such element: Unable to locate element: {&amp;quot;method&amp;quot;:&amp;quot;xpath&amp;quot;,&amp;quot;selector&amp;quot;:&amp;quot;//h1[contains(text(), &amp;apos;Account Created Successfully&amp;apos;)]&amp;quot;}
  (Session info: chrome=132.0.6834.159)
For documentation on this error, please visit: https://www.selenium.dev/documentation/webdriver/troubleshooting/errors#no-such-element-exception
Build info: version: &amp;apos;4.27.0&amp;apos;, revision: &amp;apos;d6e718d134&amp;apos;
System info: os.name: &amp;apos;Windows 11&amp;apos;, os.arch: &amp;apos;amd64&amp;apos;, os.version: &amp;apos;10.0&amp;apos;, java.version: &amp;apos;21.0.2&amp;apos;
Driver info: org.openqa.selenium.chrome.ChromeDriver
Command: [a3d820010d2cde85cc7dae555e7769af, findElement {using=xpath, value=//h1[contains(text(), &amp;apos;Account Created Successfully&amp;apos;)]}]
Capabilities {acceptInsecureCerts: false, browserName: chrome, browserVersion: 132.0.6834.159, chrome: {chromedriverVersion: 132.0.6834.159 (2d77d3fc445..., userDataDir: C:\Users\tstar\AppData\Loca...}, fedcm:accounts: true, goog:chromeOptions: {debuggerAddress: localhost:3466}, networkConnectionEnabled: false, pageLoadStrategy: normal, platformName: windows, proxy: Proxy(), se:cdp: ws://localhost:3466/devtool..., se:cdpVersion: 132.0.6834.159, setWindowRect: true, strictFileInteractability: false, timeouts: {implicit: 0, pageLoad: 300000, script: 30000}, unhandledPromptBehavior: dismiss and notify, webauthn:extension:credBlob: true, webauthn:extension:largeBlob: true, webauthn:extension:minPinLength: true, webauthn:extension:prf: true, webauthn:virtualAuthenticators: true}
Session ID: a3d820010d2cde85cc7dae555e7769af">
      <![CDATA[org.openqa.selenium.NoSuchElementException: no such element: Unable to locate element: {"method":"xpath","selector":"//h1[contains(text(), 'Account Created Successfully')]"}
  (Session info: chrome=132.0.6834.159)
For documentation on this error, please visit: https://www.selenium.dev/documentation/webdriver/troubleshooting/errors#no-such-element-exception
Build info: version: '4.27.0', revision: 'd6e718d134'
System info: os.name: 'Windows 11', os.arch: 'amd64', os.version: '10.0', java.version: '21.0.2'
Driver info: org.openqa.selenium.chrome.ChromeDriver
Command: [a3d820010d2cde85cc7dae555e7769af, findElement {using=xpath, value=//h1[contains(text(), 'Account Created Successfully')]}]
Capabilities {acceptInsecureCerts: false, browserName: chrome, browserVersion: 132.0.6834.159, chrome: {chromedriverVersion: 132.0.6834.159 (2d77d3fc445..., userDataDir: C:\Users\tstar\AppData\Loca...}, fedcm:accounts: true, goog:chromeOptions: {debuggerAddress: localhost:3466}, networkConnectionEnabled: false, pageLoadStrategy: normal, platformName: windows, proxy: Proxy(), se:cdp: ws://localhost:3466/devtool..., se:cdpVersion: 132.0.6834.159, setWindowRect: true, strictFileInteractability: false, timeouts: {implicit: 0, pageLoad: 300000, script: 30000}, unhandledPromptBehavior: dismiss and notify, webauthn:extension:credBlob: true, webauthn:extension:largeBlob: true, webauthn:extension:minPinLength: true, webauthn:extension:prf: true, webauthn:virtualAuthenticators: true}
Session ID: a3d820010d2cde85cc7dae555e7769af
at org.openqa.selenium.remote.ErrorCodec.decode(ErrorCodec.java:167)
at org.openqa.selenium.remote.codec.w3c.W3CHttpResponseCodec.decode(W3CHttpResponseCodec.java:138)
at org.openqa.selenium.remote.codec.w3c.W3CHttpResponseCodec.decode(W3CHttpResponseCodec.java:50)
at org.openqa.selenium.remote.HttpCommandExecutor.execute(HttpCommandExecutor.java:190)
at org.openqa.selenium.remote.service.DriverCommandExecutor.invokeExecute(DriverCommandExecutor.java:216)
at org.openqa.selenium.remote.service.DriverCommandExecutor.execute(DriverCommandExecutor.java:174)
at org.openqa.selenium.remote.RemoteWebDriver.execute(RemoteWebDriver.java:545)
at org.openqa.selenium.remote.ElementLocation$ElementFinder$2.findElement(ElementLocation.java:165)
at org.openqa.selenium.remote.ElementLocation.findElement(ElementLocation.java:59)
at org.openqa.selenium.remote.RemoteWebDriver.findElement(RemoteWebDriver.java:368)
at org.openqa.selenium.remote.RemoteWebDriver.findElement(RemoteWebDriver.java:362)
at ecommerce.tests.UserRegistrationTests.verifyRegistrationWithValidDetails(UserRegistrationTests.java:33)
at java.base/java.util.ArrayList.forEach(ArrayList.java:1596)
at java.base/java.util.concurrent.FutureTask.run(FutureTask.java:317)
at java.base/java.util.concurrent.ThreadPoolExecutor.runWorker(ThreadPoolExecutor.java:1144)
at java.base/java.util.concurrent.ThreadPoolExecutor$Worker.run(ThreadPoolExecutor.java:642)
at java.base/java.lang.Thread.run(Thread.java:1583)
... Removed 18 stack frames]]>
    </failure>
  </testcase> <!-- verifyRegistrationWithValidDetails -->
  <testcase classname="ecommerce.tests.UserRegistrationTests" name="verifyRegistrationWithValidDetails" time="2.881"/>
  <testcase classname="ecommerce.tests.UserRegistrationTests" name="verifyRegistrationWithValidDetails" time="2.529"/>
  <testcase classname="ecommerce.tests.UserRegistrationTests" name="verifyRegistrationWithValidDetails" time="2.878"/>
  <testcase classname="ecommerce.tests.UserRegistrationTests" name="verifyRegistrationWithValidDetails" time="2.946"/>
</testsuite> <!-- Submit Order Test -->
