<html>
<head>
<title>TestNG:  Submit Order Test</title>
<link href="../testng.css" rel="stylesheet" type="text/css" />
<link href="../my-testng.css" rel="stylesheet" type="text/css" />

<style type="text/css">
.log { display: none;} 
.stack-trace { display: none;} 
</style>
<script type="text/javascript">
<!--
function flip(e) {
  current = e.style.display;
  if (current == 'block') {
    e.style.display = 'none';
    return 0;
  }
  else {
    e.style.display = 'block';
    return 1;
  }
}

function toggleBox(szDivId, elem, msg1, msg2)
{
  var res = -1;  if (document.getElementById) {
    res = flip(document.getElementById(szDivId));
  }
  else if (document.all) {
    // this is the way old msie versions work
    res = flip(document.all[szDivId]);
  }
  if(elem) {
    if(res == 0) elem.innerHTML = msg1; else elem.innerHTML = msg2;
  }

}

function toggleAllBoxes() {
  if (document.getElementsByTagName) {
    d = document.getElementsByTagName('div');
    for (i = 0; i < d.length; i++) {
      if (d[i].className == 'log') {
        flip(d[i]);
      }
    }
  }
}

// -->
</script>

</head>
<body>
<h2 align='center'>Submit Order Test</h2><table border='1' align="center">
<tr>
<td>Tests passed/Failed/Skipped:</td><td>11/2/0</td>
</tr><tr>
<td>Started on:</td><td>Thu Jan 30 10:23:57 GMT 2025</td>
</tr>
<tr><td>Total time:</td><td>127 seconds (127974 ms)</td>
</tr><tr>
<td>Included groups:</td><td></td>
</tr><tr>
<td>Excluded groups:</td><td></td>
</tr>
</table><p/>
<small><i>(Hover the method name to see the test class name)</i></small><p/>
<table width='100%' border='1' class='invocation-failed'>
<tr><td colspan='4' align='center'><b>FAILED TESTS</b></td></tr>
<tr><td><b>Test method</b></td>
<td><b>Attribute(s)</b></td>
<td width="30%"><b>Exception</b></td>
<td width="10%"><b>Time (seconds)</b></td>
<td><b>Instance</b></td>
</tr>
<tr>
<td title='ecommerce.tests.UserRegistrationTests.validateMandatoryFieldErrors()'><b>validateMandatoryFieldErrors</b><br>Test class: ecommerce.tests.UserRegistrationTests<br>Test method: TC_RF_002: Validate error messages for missing mandatory fields</td>
<td><div><pre>java.lang.AssertionError: Last Name error message mismatch. expected [*Last Name is required] but found [Proxy element for: DefaultElementLocator &apos;By.xpath: //input[@id=&apos;lastName&apos;]/following-sibling::div&apos;]
	at ecommerce.tests.UserRegistrationTests.validateMandatoryFieldErrors(UserRegistrationTests.java:49)
	at java.base/java.util.ArrayList.forEach(ArrayList.java:1596)
	at java.base/java.util.concurrent.FutureTask.run(FutureTask.java:317)
	at java.base/java.util.concurrent.ThreadPoolExecutor.runWorker(ThreadPoolExecutor.java:1144)
	at java.base/java.util.concurrent.ThreadPoolExecutor$Worker.run(ThreadPoolExecutor.java:642)
	at java.base/java.lang.Thread.run(Thread.java:1583)
... Removed 19 stack frames</pre></div><a href='#' onClick='toggleBox("stack-trace58326296", this, "Click to show all stack frames", "Click to hide stack frames")'>Click to show all stack frames</a>
<div class='stack-trace' id='stack-trace58326296'><pre>java.lang.AssertionError: Last Name error message mismatch. expected [*Last Name is required] but found [Proxy element for: DefaultElementLocator &apos;By.xpath: //input[@id=&apos;lastName&apos;]/following-sibling::div&apos;]
	at org.testng.Assert.fail(Assert.java:110)
	at org.testng.Assert.failNotEquals(Assert.java:1413)
	at org.testng.Assert.assertEqualsImpl(Assert.java:149)
	at org.testng.Assert.assertEquals(Assert.java:131)
	at ecommerce.tests.UserRegistrationTests.validateMandatoryFieldErrors(UserRegistrationTests.java:49)
	at java.base/jdk.internal.reflect.DirectMethodHandleAccessor.invoke(DirectMethodHandleAccessor.java:103)
	at java.base/java.lang.reflect.Method.invoke(Method.java:580)
	at org.testng.internal.invokers.MethodInvocationHelper.invokeMethod(MethodInvocationHelper.java:139)
	at org.testng.internal.invokers.TestInvoker.invokeMethod(TestInvoker.java:677)
	at org.testng.internal.invokers.TestInvoker.invokeTestMethod(TestInvoker.java:221)
	at org.testng.internal.invokers.MethodRunner.runInSequence(MethodRunner.java:50)
	at org.testng.internal.invokers.TestInvoker$MethodInvocationAgent.invoke(TestInvoker.java:969)
	at org.testng.internal.invokers.TestInvoker.invokeTestMethods(TestInvoker.java:194)
	at org.testng.internal.invokers.TestMethodWorker.invokeTestMethods(TestMethodWorker.java:148)
	at org.testng.internal.invokers.TestMethodWorker.run(TestMethodWorker.java:128)
	at java.base/java.util.ArrayList.forEach(ArrayList.java:1596)
	at org.testng.TestRunner.privateRun(TestRunner.java:829)
	at org.testng.TestRunner.run(TestRunner.java:602)
	at org.testng.SuiteRunner.runTest(SuiteRunner.java:437)
	at org.testng.SuiteRunner$SuiteWorker.run(SuiteRunner.java:475)
	at org.testng.internal.thread.ThreadUtil.lambda$execute$0(ThreadUtil.java:58)
	at java.base/java.util.concurrent.FutureTask.run(FutureTask.java:317)
	at java.base/java.util.concurrent.ThreadPoolExecutor.runWorker(ThreadPoolExecutor.java:1144)
	at java.base/java.util.concurrent.ThreadPoolExecutor$Worker.run(ThreadPoolExecutor.java:642)
	at java.base/java.lang.Thread.run(Thread.java:1583)
</pre></div></td>
<td>11</td>
<td>ecommerce.tests.UserRegistrationTests@660acfb</td></tr>
<tr>
<td title='ecommerce.tests.UserRegistrationTests.verifyRegistrationWithValidDetails()'><b>verifyRegistrationWithValidDetails</b><br>Test class: ecommerce.tests.UserRegistrationTests<br>Test method: TC_RF_001: Verify user registration with valid details<br>Parameters: {firstName=Donny, lastName=Ullrich, password=>lp0yasV, phoneNumber=1534623168, occupation=Lead Administrator, gender=Female, confirmPassword=>lp0yasV, email=zachariah.bahringer@gmail.com, isAdult=true}</td>
<td><div><pre>org.openqa.selenium.NoSuchElementException: no such element: Unable to locate element: {&quot;method&quot;:&quot;xpath&quot;,&quot;selector&quot;:&quot;//h1[contains(text(), &apos;Account Created Successfully&apos;)]&quot;}
  (Session info: chrome=132.0.6834.159)
For documentation on this error, please visit: https://www.selenium.dev/documentation/webdriver/troubleshooting/errors#no-such-element-exception
Build info: version: &apos;4.27.0&apos;, revision: &apos;d6e718d134&apos;
System info: os.name: &apos;Windows 11&apos;, os.arch: &apos;amd64&apos;, os.version: &apos;10.0&apos;, java.version: &apos;21.0.2&apos;
Driver info: org.openqa.selenium.chrome.ChromeDriver
Command: [a3d820010d2cde85cc7dae555e7769af, findElement {using=xpath, value=//h1[contains(text(), &apos;Account Created Successfully&apos;)]}]
Capabilities {acceptInsecureCerts: false, browserName: chrome, browserVersion: 132.0.6834.159, chrome: {chromedriverVersion: 132.0.6834.159 (2d77d3fc445..., userDataDir: C:\Users\tstar\AppData\Loca...}, fedcm:accounts: true, goog:chromeOptions: {debuggerAddress: localhost:3466}, networkConnectionEnabled: false, pageLoadStrategy: normal, platformName: windows, proxy: Proxy(), se:cdp: ws://localhost:3466/devtool..., se:cdpVersion: 132.0.6834.159, setWindowRect: true, strictFileInteractability: false, timeouts: {implicit: 0, pageLoad: 300000, script: 30000}, unhandledPromptBehavior: dismiss and notify, webauthn:extension:credBlob: true, webauthn:extension:largeBlob: true, webauthn:extension:minPinLength: true, webauthn:extension:prf: true, webauthn:virtualAuthenticators: true}
Session ID: a3d820010d2cde85cc7dae555e7769af
	at org.openqa.selenium.remote.ErrorCodec.decode(ErrorCodec.java:167)
	at org.openqa.selenium.remote.codec.w3c.W3CHttpResponseCodec.decode(W3CHttpResponseCodec.java:138)
	at org.openqa.selenium.remote.codec.w3c.W3CHttpResponseCodec.decode(W3CHttpResponseCodec.java:50)
	at org.openqa.selenium.remote.HttpCommandExecutor.execute(HttpCommandExecutor.java:190)
	at org.openqa.selenium.remote.service.DriverCommandExecutor.invokeExecute(DriverCommandExecutor.java:216)
	at org.openqa.selenium.remote.service.DriverCommandExecutor.execute(DriverCommandExecutor.java:174)
	at org.openqa.selenium.remote.RemoteWebDriver.execute(RemoteWebDriver.java:545)
	at org.openqa.selenium.remote.ElementLocation$ElementFinder$2.findElement(ElementLocation.java:165)
	at org.openqa.selenium.remote.ElementLocation.findElement(ElementLocation.java:59)
	at org.openqa.selenium.remote.RemoteWebDriver.findElement(RemoteWebDriver.java:368)
	at org.openqa.selenium.remote.RemoteWebDriver.findElement(RemoteWebDriver.java:362)
	at ecommerce.tests.UserRegistrationTests.verifyRegistrationWithValidDetails(UserRegistrationTests.java:33)
	at java.base/java.util.ArrayList.forEach(ArrayList.java:1596)
	at java.base/java.util.concurrent.FutureTask.run(FutureTask.java:317)
	at java.base/java.util.concurrent.ThreadPoolExecutor.runWorker(ThreadPoolExecutor.java:1144)
	at java.base/java.util.concurrent.ThreadPoolExecutor$Worker.run(ThreadPoolExecutor.java:642)
	at java.base/java.lang.Thread.run(Thread.java:1583)
... Removed 18 stack frames</pre></div><a href='#' onClick='toggleBox("stack-trace1778569020", this, "Click to show all stack frames", "Click to hide stack frames")'>Click to show all stack frames</a>
<div class='stack-trace' id='stack-trace1778569020'><pre>org.openqa.selenium.NoSuchElementException: no such element: Unable to locate element: {&quot;method&quot;:&quot;xpath&quot;,&quot;selector&quot;:&quot;//h1[contains(text(), &apos;Account Created Successfully&apos;)]&quot;}
  (Session info: chrome=132.0.6834.159)
For documentation on this error, please visit: https://www.selenium.dev/documentation/webdriver/troubleshooting/errors#no-such-element-exception
Build info: version: &apos;4.27.0&apos;, revision: &apos;d6e718d134&apos;
System info: os.name: &apos;Windows 11&apos;, os.arch: &apos;amd64&apos;, os.version: &apos;10.0&apos;, java.version: &apos;21.0.2&apos;
Driver info: org.openqa.selenium.chrome.ChromeDriver
Command: [a3d820010d2cde85cc7dae555e7769af, findElement {using=xpath, value=//h1[contains(text(), &apos;Account Created Successfully&apos;)]}]
Capabilities {acceptInsecureCerts: false, browserName: chrome, browserVersion: 132.0.6834.159, chrome: {chromedriverVersion: 132.0.6834.159 (2d77d3fc445..., userDataDir: C:\Users\tstar\AppData\Loca...}, fedcm:accounts: true, goog:chromeOptions: {debuggerAddress: localhost:3466}, networkConnectionEnabled: false, pageLoadStrategy: normal, platformName: windows, proxy: Proxy(), se:cdp: ws://localhost:3466/devtool..., se:cdpVersion: 132.0.6834.159, setWindowRect: true, strictFileInteractability: false, timeouts: {implicit: 0, pageLoad: 300000, script: 30000}, unhandledPromptBehavior: dismiss and notify, webauthn:extension:credBlob: true, webauthn:extension:largeBlob: true, webauthn:extension:minPinLength: true, webauthn:extension:prf: true, webauthn:virtualAuthenticators: true}
Session ID: a3d820010d2cde85cc7dae555e7769af
	at java.base/jdk.internal.reflect.DirectConstructorHandleAccessor.newInstance(DirectConstructorHandleAccessor.java:62)
	at java.base/java.lang.reflect.Constructor.newInstanceWithCaller(Constructor.java:502)
	at java.base/java.lang.reflect.Constructor.newInstance(Constructor.java:486)
	at org.openqa.selenium.remote.ErrorCodec.decode(ErrorCodec.java:167)
	at org.openqa.selenium.remote.codec.w3c.W3CHttpResponseCodec.decode(W3CHttpResponseCodec.java:138)
	at org.openqa.selenium.remote.codec.w3c.W3CHttpResponseCodec.decode(W3CHttpResponseCodec.java:50)
	at org.openqa.selenium.remote.HttpCommandExecutor.execute(HttpCommandExecutor.java:190)
	at org.openqa.selenium.remote.service.DriverCommandExecutor.invokeExecute(DriverCommandExecutor.java:216)
	at org.openqa.selenium.remote.service.DriverCommandExecutor.execute(DriverCommandExecutor.java:174)
	at org.openqa.selenium.remote.RemoteWebDriver.execute(RemoteWebDriver.java:545)
	at org.openqa.selenium.remote.ElementLocation$ElementFinder$2.findElement(ElementLocation.java:165)
	at org.openqa.selenium.remote.ElementLocation.findElement(ElementLocation.java:59)
	at org.openqa.selenium.remote.RemoteWebDriver.findElement(RemoteWebDriver.java:368)
	at org.openqa.selenium.remote.RemoteWebDriver.findElement(RemoteWebDriver.java:362)
	at ecommerce.tests.UserRegistrationTests.verifyRegistrationWithValidDetails(UserRegistrationTests.java:33)
	at java.base/jdk.internal.reflect.DirectMethodHandleAccessor.invoke(DirectMethodHandleAccessor.java:103)
	at java.base/java.lang.reflect.Method.invoke(Method.java:580)
	at org.testng.internal.invokers.MethodInvocationHelper.invokeMethod(MethodInvocationHelper.java:139)
	at org.testng.internal.invokers.TestInvoker.invokeMethod(TestInvoker.java:677)
	at org.testng.internal.invokers.TestInvoker.invokeTestMethod(TestInvoker.java:221)
	at org.testng.internal.invokers.MethodRunner.runInSequence(MethodRunner.java:50)
	at org.testng.internal.invokers.TestInvoker$MethodInvocationAgent.invoke(TestInvoker.java:969)
	at org.testng.internal.invokers.TestInvoker.invokeTestMethods(TestInvoker.java:194)
	at org.testng.internal.invokers.TestMethodWorker.invokeTestMethods(TestMethodWorker.java:148)
	at org.testng.internal.invokers.TestMethodWorker.run(TestMethodWorker.java:128)
	at java.base/java.util.ArrayList.forEach(ArrayList.java:1596)
	at org.testng.TestRunner.privateRun(TestRunner.java:829)
	at org.testng.TestRunner.run(TestRunner.java:602)
	at org.testng.SuiteRunner.runTest(SuiteRunner.java:437)
	at org.testng.SuiteRunner$SuiteWorker.run(SuiteRunner.java:475)
	at org.testng.internal.thread.ThreadUtil.lambda$execute$0(ThreadUtil.java:58)
	at java.base/java.util.concurrent.FutureTask.run(FutureTask.java:317)
	at java.base/java.util.concurrent.ThreadPoolExecutor.runWorker(ThreadPoolExecutor.java:1144)
	at java.base/java.util.concurrent.ThreadPoolExecutor$Worker.run(ThreadPoolExecutor.java:642)
	at java.base/java.lang.Thread.run(Thread.java:1583)
</pre></div></td>
<td>12</td>
<td>ecommerce.tests.UserRegistrationTests@660acfb</td></tr>
</table><p>
<table width='100%' border='1' class='invocation-passed'>
<tr><td colspan='4' align='center'><b>PASSED TESTS</b></td></tr>
<tr><td><b>Test method</b></td>
<td><b>Attribute(s)</b></td>
<td width="30%"><b>Exception</b></td>
<td width="10%"><b>Time (seconds)</b></td>
<td><b>Instance</b></td>
</tr>
<tr>
<td title='ecommerce.tests.UserRegistrationTests.validateMultipleInvalidEmails()'><b>validateMultipleInvalidEmails</b><br>Test class: ecommerce.tests.UserRegistrationTests<br>Test method: TC_RF_003: Validate multiple invalid email formats<br>Parameters: @missingusername.com</td>
<td></td>
<td>2</td>
<td>ecommerce.tests.UserRegistrationTests@660acfb</td></tr>
<tr>
<td title='ecommerce.tests.UserRegistrationTests.validateMultipleInvalidEmails()'><b>validateMultipleInvalidEmails</b><br>Test class: ecommerce.tests.UserRegistrationTests<br>Test method: TC_RF_003: Validate multiple invalid email formats<br>Parameters: username@domain..com</td>
<td></td>
<td>2</td>
<td>ecommerce.tests.UserRegistrationTests@660acfb</td></tr>
<tr>
<td title='ecommerce.tests.UserRegistrationTests.verifyPasswordStrengthValidation()'><b>verifyPasswordStrengthValidation</b><br>Test class: ecommerce.tests.UserRegistrationTests<br>Test method: TC_RF_004: Verify password strength validation</td>
<td></td>
<td>2</td>
<td>ecommerce.tests.UserRegistrationTests@660acfb</td></tr>
<tr>
<td title='ecommerce.tests.UserRegistrationTests.validateEmailFormat()'><b>validateEmailFormat</b><br>Test class: ecommerce.tests.UserRegistrationTests<br>Test method: TC_RF_003: Validate email format during registration</td>
<td></td>
<td>2</td>
<td>ecommerce.tests.UserRegistrationTests@660acfb</td></tr>
<tr>
<td title='ecommerce.tests.UserRegistrationTests.validateMultipleInvalidEmails()'><b>validateMultipleInvalidEmails</b><br>Test class: ecommerce.tests.UserRegistrationTests<br>Test method: TC_RF_003: Validate multiple invalid email formats<br>Parameters: username@.com.my</td>
<td></td>
<td>2</td>
<td>ecommerce.tests.UserRegistrationTests@660acfb</td></tr>
<tr>
<td title='ecommerce.tests.UserRegistrationTests.verifyRegistrationWithValidDetails()'><b>verifyRegistrationWithValidDetails</b><br>Test class: ecommerce.tests.UserRegistrationTests<br>Test method: TC_RF_001: Verify user registration with valid details<br>Parameters: {firstName=Lilli, lastName=Lueilwitz, password=6hZoi&sv, phoneNumber=1352192657, occupation=Administration Assistant, gender=Female, confirmPassword=6hZoi&sv, email=kerrie.gorczany@gmail.com, isAdult=true}</td>
<td></td>
<td>2</td>
<td>ecommerce.tests.UserRegistrationTests@660acfb</td></tr>
<tr>
<td title='ecommerce.tests.UserRegistrationTests.verifyRegistrationWithValidDetails()'><b>verifyRegistrationWithValidDetails</b><br>Test class: ecommerce.tests.UserRegistrationTests<br>Test method: TC_RF_001: Verify user registration with valid details<br>Parameters: {firstName=Genna, lastName=Rohan, password=fq&p9kvG, phoneNumber=1728127515, occupation=Customer Officer, gender=Female, confirmPassword=fq&p9kvG, email=kerry.hayes@hotmail.com, isAdult=true}</td>
<td></td>
<td>2</td>
<td>ecommerce.tests.UserRegistrationTests@660acfb</td></tr>
<tr>
<td title='ecommerce.tests.UserRegistrationTests.verifyRegistrationWithValidDetails()'><b>verifyRegistrationWithValidDetails</b><br>Test class: ecommerce.tests.UserRegistrationTests<br>Test method: TC_RF_001: Verify user registration with valid details<br>Parameters: {firstName=Dewey, lastName=Shanahan, password=v4<eEpmd, phoneNumber=1482366169, occupation=IT Engineer, gender=Female, confirmPassword=v4<eEpmd, email=shelby.gibson@gmail.com, isAdult=true}</td>
<td></td>
<td>2</td>
<td>ecommerce.tests.UserRegistrationTests@660acfb</td></tr>
<tr>
<td title='ecommerce.tests.UserRegistrationTests.validateMultipleInvalidEmails()'><b>validateMultipleInvalidEmails</b><br>Test class: ecommerce.tests.UserRegistrationTests<br>Test method: TC_RF_003: Validate multiple invalid email formats<br>Parameters: username@domain,com</td>
<td></td>
<td>2</td>
<td>ecommerce.tests.UserRegistrationTests@660acfb</td></tr>
<tr>
<td title='ecommerce.tests.UserRegistrationTests.validateMultipleInvalidEmails()'><b>validateMultipleInvalidEmails</b><br>Test class: ecommerce.tests.UserRegistrationTests<br>Test method: TC_RF_003: Validate multiple invalid email formats<br>Parameters: plainaddress</td>
<td></td>
<td>2</td>
<td>ecommerce.tests.UserRegistrationTests@660acfb</td></tr>
<tr>
<td title='ecommerce.tests.UserRegistrationTests.verifyRegistrationWithValidDetails()'><b>verifyRegistrationWithValidDetails</b><br>Test class: ecommerce.tests.UserRegistrationTests<br>Test method: TC_RF_001: Verify user registration with valid details<br>Parameters: {firstName=George, lastName=Wunsch, password=zzm7)etV, phoneNumber=1523036198, occupation=Advertising Architect, gender=Male, confirmPassword=zzm7)etV, email=christel.reichert@yahoo.com, isAdult=true}</td>
<td></td>
<td>2</td>
<td>ecommerce.tests.UserRegistrationTests@660acfb</td></tr>
</table><p>
</body>
</html>