<?xml version="1.0" encoding="UTF-8"?>
<!-- Generated by org.testng.reporters.JUnitXMLReporter -->
<testsuite ignored="0" hostname="LAPTOP-FQQEV6LJ" failures="1" tests="13" name="Submit Order Test" time="119.45" errors="0" timestamp="2025-01-29T10:55:39 GMT">
  <testcase classname="ecommerce.tests.UserRegistrationTests" name="validateEmailFormat" time="2.466"/>
  <testcase classname="ecommerce.tests.UserRegistrationTests" name="validateMandatoryFieldErrors" time="11.981">
    <failure type="java.lang.AssertionError" message="Last Name error message mismatch. expected [*Last Name is required] but found [Proxy element for: DefaultElementLocator &amp;apos;By.xpath: //input[@id=&amp;apos;lastName&amp;apos;]/following-sibling::div&amp;apos;]">
      <![CDATA[java.lang.AssertionError: Last Name error message mismatch. expected [*Last Name is required] but found [Proxy element for: DefaultElementLocator 'By.xpath: //input[@id='lastName']/following-sibling::div']
at ecommerce.tests.UserRegistrationTests.validateMandatoryFieldErrors(UserRegistrationTests.java:49)
at java.base/java.util.ArrayList.forEach(ArrayList.java:1596)
at java.base/java.util.concurrent.FutureTask.run(FutureTask.java:317)
at java.base/java.util.concurrent.ThreadPoolExecutor.runWorker(ThreadPoolExecutor.java:1144)
at java.base/java.util.concurrent.ThreadPoolExecutor$Worker.run(ThreadPoolExecutor.java:642)
at java.base/java.lang.Thread.run(Thread.java:1583)
... Removed 19 stack frames]]>
    </failure>
  </testcase> <!-- validateMandatoryFieldErrors -->
  <testcase classname="ecommerce.tests.UserRegistrationTests" name="validateMultipleInvalidEmails" time="2.335"/>
  <testcase classname="ecommerce.tests.UserRegistrationTests" name="validateMultipleInvalidEmails" time="2.42"/>
  <testcase classname="ecommerce.tests.UserRegistrationTests" name="validateMultipleInvalidEmails" time="2.56"/>
  <testcase classname="ecommerce.tests.UserRegistrationTests" name="validateMultipleInvalidEmails" time="4.101"/>
  <testcase classname="ecommerce.tests.UserRegistrationTests" name="validateMultipleInvalidEmails" time="4.768"/>
  <testcase classname="ecommerce.tests.UserRegistrationTests" name="verifyPasswordStrengthValidation" time="2.809"/>
  <testcase classname="ecommerce.tests.UserRegistrationTests" name="verifyRegistrationWithValidDetails" time="2.909"/>
  <testcase classname="ecommerce.tests.UserRegistrationTests" name="verifyRegistrationWithValidDetails" time="2.955"/>
  <testcase classname="ecommerce.tests.UserRegistrationTests" name="verifyRegistrationWithValidDetails" time="3.047"/>
  <testcase classname="ecommerce.tests.UserRegistrationTests" name="verifyRegistrationWithValidDetails" time="2.907"/>
  <testcase classname="ecommerce.tests.UserRegistrationTests" name="verifyRegistrationWithValidDetails" time="2.953"/>
</testsuite> <!-- Submit Order Test -->
